2018-05-18 02:49:23 KG4WKX-1>APMI06,TCPIP*,qAS,KG4WKX:>180649zChiefland Sky Ranch Airpark (51FL) iGate
2018-05-18 02:49:23 KJ4ERJ-E1>APZESP,TCPIP*,qAC,KJ4ERJ-5:T#980,0,174,295,297,269,11011100
2018-05-18 02:49:25 K4PKT-2>APN382,qAR,KC9EQM:Palm Beach Paket Group WIDEn-n Digi On The Web @ pbpg.org
2018-05-18 02:49:32 WC4PEM-13>APN391,WIDE2-2,qAR,WC4PEM-14:$ULTW004C006E02B4BF94279BFFF8876E000103E80089019A00010029
2018-05-18 02:50:23 W4MCO-10>APND13,qAR,KQ4KX:>DIGI_NED: W4MCO-10 digipeater in Winter Park, FL
2018-05-18 02:50:35 KJ4ERJ-E2>APZESP,TCPIP*,qAC,KJ4ERJ-5:T#289,349,158,263,288,248,11011100
2018-05-18 02:50:38 KJ4ERJ-E3>APZESP,TCPIP*,qAC,KJ4ERJ-5:T#446,337,156,251,261,0,11111110
2018-05-18 02:50:39 KJ4OXT-C>APJI40,TCPIP*,qAC,KJ4OXT-GS:<IGATE,MSG_CNT=0,LOC_CNT=1
2018-05-18 02:50:40 N1SER-1>APMI06,TCPIP*,qAC,T2USANW:T#059,190,003,000,011,013,00000000
2018-05-18 02:50:53 WC4PEM-9>APN391,WIDE2-2,qAR,K2KZ-4:$ULTW0075005D02B896B927AAFFFB8702000103E80089019A00010032
2018-05-18 02:50:53 WC4PEM-12>APN391,WC4PEM-15*,WIDE2-1,qAR,K2KZ-4:$ULTW008700B802C27B8A2795FFF88765000103E80089019A0000004B
2018-05-18 02:50:54 W4MCO-10>APND13,qAR,K2KZ-4:>DIGI_NED: W4MCO-10 digipeater in Winter Park, FL
2018-05-18 02:50:59 W4RPT-1>BEACON,qAR,WC4PEM-14:W4RPT-1 APRS Digipeater
2018-05-18 02:51:00 W4SRT-B>APJI43,TCPIP*,qAC,W4SRT-GS:<IGATE,MSG_CNT=0,LOC_CNT=0
2018-05-18 02:51:11 W4LCO-1>APWW10,TCPIP*,qAC,T2MAZURY:<IGATE,MSG_CNT=1065,LOC_CNT=64,DIR_CNT=29,RF_CNT=72,DX=3*WC4PEM-14(113mi@4°)
2018-05-18 02:51:13 W4NAS>BEACON,qAR,N1SER-1:146.835*3036.30N/08149.55W Net We830pm EL-146835
2018-05-18 02:51:16 WA0NZI>APTW01,W4HEM-14,WIDE1*,WIDE2-1,qAR,NI4CE-10:_05180652c111s000g000t070r000p000P000h..b10139tU2k
2018-05-18 02:51:27 KJ4ERJ-E1>APZESP,TCPIP*,qAC,KJ4ERJ-5:T#983,0,173,294,289,266,11011100
2018-05-18 02:51:28 K4ABB-1>APSAAR,TCPIP*,qAC,T2SPAIN:>151727zBrand Meister TG # 31622
2018-05-18 02:51:31 KK4KYK-B>APJI43,TCPIP*,qAC,KK4KYK-GS:<IGATE,MSG_CNT=0,LOC_CNT=0
2018-05-18 02:51:31 KG4YZY-11>APU25N,WIDE2-2,qAR,KK4EQF-12:>081626z- aprsfl.net - West Pasco I-Gate
2018-05-18 02:51:43 KJ4ERJ-E1>APZESP,TCPIP*,qAC,KJ4ERJ-5:T#984,0,169,292,291,268,11011100
2018-05-18 02:51:48 KJ4ERJ-S1>APZESP,TCPIP*,qAC,T2VAN:T#926,336,133,346,0,0,10010000
2018-05-18 02:51:50 N4WEB>APTW01,WIDE1-1,qAR,WC4PEM-14:_05180155c359s000g000t069r000p160P000h88b10145tU2k
2018-05-18 02:51:52 KJ4ERJ-LS>APZLUA,TCPIP*,qAC,KJ4ERJ-5:T#170,106,221,183,60,54,00000000
2018-05-18 02:51:56 K4ABB-1>APSAAR,TCPIP*,qAC,T2SPAIN:<IGATE,MSG_CNT=11,LOC_CNT=24
2018-05-18 02:52:01 NI4CE-10>APMI06,TCPIP*,qAC,NINTH:{{I180652zU=14.0V,T=26.0C
2018-05-18 02:52:07 KJ4ERJ-E2>APZESP,TCPIP*,qAC,KJ4ERJ-5:T#290,341,163,263,288,254,11011100
2018-05-18 02:52:15 KF4LQQ>APRS,NI4CE-10,WIDE2-1,qAR,N4SER:$ULTW0000000002B5000B2780FFF98F1B0001----008A00C300000000
2018-05-18 02:52:23 KJ4TJD-B>APJI43,TCPIP*,qAC,KJ4TJD-GS:<IGATE,MSG_CNT=0,LOC_CNT=0
2018-05-18 02:52:35 W4HEM-14>APN391,WIDE2-2,qAR,NI4CE-10:$ULTW005A004C02C6CF3E279FFFF68782000103D2008900CD00000025
2018-05-18 02:52:38 KJ4ERJ-E3>APZESP,TCPIP*,qAC,KJ4ERJ-5:T#447,337,156,251,261,0,11111110
