2018-05-18 02:49:23 KG4WKX-1>APMI06,TCPIP*,qAS,KG4WKX:>180649zChiefland Sky Ranch Airpark (51FL) iGate
2018-05-18 02:49:23 KJ4ERJ-E1>APZESP,TCPIP*,qAC,KJ4ERJ-5:T#980,0,174,295,297,269,11011100
2018-05-18 02:49:23 KG4YZY-10>APAGW,K4SIX-1,WIDE2*,qAR,WD4SEN-2:=2816.97NS08242.70W#PHG74326/W3 Digi, Port Richey, FL aprsfl.net û
2018-05-18 02:49:25 AE4S>APU25N,TCPIP*,qAC,THIRD:=3028.52NI08416.49W&TLH I-Gate {UIV32}
2018-05-18 02:49:25 K4PKT-2>APN382,qAR,KC9EQM:Palm Beach Paket Group WIDEn-n Digi On The Web @ pbpg.org
2018-05-18 02:49:28 KM4VGW-B>APDG02,TCPIP*,qAC,KM4VGW-BS:!2837.80ND08112.00W&RNG0001 440 Voice 440.62500MHz +0.0000MHz
2018-05-18 02:49:29 N4BRF>APOT30,K4PKT-3*,qAR,KC9EQM:!2623.81N/08005.73Wr145.290 (-) PL110.9 and  442.875 (+) PL 110.9
2018-05-18 02:49:29 N4BRF>APOT30,N4BRF-3*,qAO,KD4BBM-10:!2623.81N/08005.73Wr145.290 (-) PL110.9 and  442.875 (+) PL 110.9 
2018-05-18 02:49:30 KJ4ERJ-15>APZTLE,TCPIP*,qAC,SEVENTH:;ISS      *064931h5123.90S\10904.83ESMsg4Pass }k1nhNe`ZpLz<t4N<(L"Z,e<hN{!wd8!
2018-05-18 02:49:31 W4JMF-S>APDG01,TCPIP*,qAC,W4JMF-GS:;W4JMF  B *180649z3026.30ND08419.94WaRNG0001 440 Voice 437.00000MHz +0.0000MHz
2018-05-18 02:49:32 WC4PEM-13>APN391,WIDE2-2,qAR,WC4PEM-14:$ULTW004C006E02B4BF94279BFFF8876E000103E80089019A00010029
2018-05-18 02:50:20 K4ABB-1>APSAAR,TCPIP*,qAC,T2SPAIN:=2602.91N/08010.69WoEOC FIRE STATION74 -147.030 {UIV32}
2018-05-18 02:50:22 W4MCO-10>APND13,WIDE2-1,qAR,KQ4KX:;443.050- *111111z2832.38N\08122.79Wy T103 R40m Skywarn w4mco.org 
2018-05-18 02:50:22 KD4NFS-7>RV4P8P,WIDE2-2,qAR,W4LCO-1:`mP]l#.R/`"4#}on the road again..._ 
2018-05-18 02:50:23 W4MCO-10>APND13,qAR,KQ4KX:>DIGI_NED: W4MCO-10 digipeater in Winter Park, FL
2018-05-18 02:50:23 KK4DFC-S>APJIO4,TCPIP*,qAC,KK4DFC-GS:;KK4DFC C *180109z2907.35ND08203.94WaRNG0030 2m Voice 146.790 -5 MHz
2018-05-18 02:50:23 AE4S>APU25N,TCPIP*,qAC,THIRD:=3028.52NI08416.49W&TLH I-Gate {UIV32}
2018-05-18 02:50:24 WC4PEM-15>BEACON,qAR,WC4PEM-14:;146.985_D*111111z2800.58N/08135.97Wr146.985MHz C127 - R40m
2018-05-18 02:50:24 WC4PEM-15>APN391,WIDE2-2,qAR,WC4PEM-14:!2800.58NS08135.97W_PHG74616/W3,FLn Dundee, Florida
2018-05-18 02:50:26 KQ4BX-7>APDR14,TCPIP*,qAC,T2FFL:=2713.83N/08014.77W$098/001/A=-00078 https://aprsdroid.org/
2018-05-18 02:50:30 KN4ASI-S>APDG01,TCPIP*,qAC,KN4ASI-GS:;KN4ASI B *180650z2552.51ND08018.21WaRNG0001 440 Voice 435.50000MHz +0.0000MHz
2018-05-18 02:50:35 KJ4ERJ-E2>APZESP,TCPIP*,qAC,KJ4ERJ-5:T#289,349,158,263,288,248,11011100
2018-05-18 02:50:38 KJ4ERJ-E3>APZESP,TCPIP*,qAC,KJ4ERJ-5:T#446,337,156,251,261,0,11111110
2018-05-18 02:50:39 KJ4OXT-C>APJI40,TCPIP*,qAC,KJ4OXT-GS:!2821.36ND08044.76W&RNG0025 2m Voice 147.045MHz +0.600MHz
2018-05-18 02:50:39 KJ4OXT-C>APJI40,TCPIP*,qAC,KJ4OXT-GS:<IGATE,MSG_CNT=0,LOC_CNT=1
2018-05-18 02:50:39 KN4ASI-B>APDG02,TCPIP*,qAC,KN4ASI-BS:!2552.51ND08018.21W&RNG0001 440 Voice 435.50000MHz +0.0000MHz
2018-05-18 02:50:40 N1SER-1>APMI06,TCPIP*,qAC,T2USANW:T#059,190,003,000,011,013,00000000
2018-05-18 02:50:40 KJ4OXT-S>APJIO4,TCPIP*,qAC,KJ4OXT-GS:;KJ4OXT C *131607z2821.36ND08044.76WaRNG0025 2m Voice 147.045MHz +0.600MHz
2018-05-18 02:50:45 KM4RZT-S>APDG01,TCPIP*,qAC,KM4RZT-GS:;KM4RZT B *180650z3151.00ND08114.40WaRNG0001 440 Voice 445.45000MHz +0.0000MHz
2018-05-18 02:50:46 N9JY-1>APNX2,WIDE2-1,qAR,WC4PEM-14:!2829.07N/08048.17W#PHG7190 Fill-in/IGate PSJ n9jy@arrl.net 
2018-05-18 02:50:48 K4AG-6>APN383,WIDE2-2,qAS,K4ABB-1:!2545.25NS08022.39W#6460/w3,NHCDigi,voice 444.600,t94.8
2018-05-18 02:50:49 KJ4ERJ-15>APZTLE,TCPIP*,qAC,SEVENTH:;PSAT     *065049h3240.40N\01348.48WSMsg4Pass }k1lrNinTz@t0c*N09@(T"i.rN{!w.6!
2018-05-18 02:50:52 WC4PEM-9>APN391,WIDE2-2,qAR,WC4PEM-14:!2811.79NS08147.14W_PHG73676/W3,FLn POLK CITY, FLORIDA
2018-05-18 02:50:53 WC4PEM-9>APN391,WIDE2-2,qAR,K2KZ-4:$ULTW0075005D02B896B927AAFFFB8702000103E80089019A00010032
2018-05-18 02:50:53 WC4PEM-11>APN391,WC4PEM-10*,WIDE2-1,qAR,K2KZ-4:!2744.92NS08153.53W_PHG73626/W3,FLn Welcome, Florida
2018-05-18 02:50:53 WC4PEM-8>APN391,WC4PEM-9,WC4PEM-14,WIDE2*,qAR,K2KZ-4:!2809.81NS08200.83W_PHG73266/W3,FLn Kathleen, Florida
2018-05-18 02:50:53 WC4PEM-12>APN391,WC4PEM-15*,WIDE2-1,qAR,K2KZ-4:$ULTW008700B802C27B8A2795FFF88765000103E80089019A0000004B
2018-05-18 02:50:53 N4SER>APWW10,WC4PEM-10,WIDE1*,WIDE2-1,qAR,K2KZ-4:@065002h2719.18N/08226.97WlN4SER APRSIS32
2018-05-18 02:50:53 K4OZS-11>APRSWX,WC4PEM-14,WIDE1*,WIDE2-1,qAR,K2KZ-4:!2909.71N/08210.80W_Ocala Weather
2018-05-18 02:50:53 W4MCO-10>APND13,WIDE2-1,qAR,K2KZ-4:;443.050- *111111z2832.38N\08122.79Wy T103 R40m Skywarn w4mco.org 
2018-05-18 02:50:54 W4MCO-10>APND13,qAR,K2KZ-4:>DIGI_NED: W4MCO-10 digipeater in Winter Park, FL
2018-05-18 02:50:55 KM4RZT-B>APDG02,TCPIP*,qAC,KM4RZT-BS:!3151.00ND08114.40W&RNG0001 440 Voice 445.45000MHz +0.0000MHz
2018-05-18 02:50:56 KC8MLB-S>APDG01,TCPIP*,qAC,KC8MLB-GS:;KC8MLB B *180650z2857.97ND08158.06WaRNG0001 440 Voice 445.31000MHz +0.0000MHz
2018-05-18 02:50:59 W4RPT-1>BEACON,qAR,WC4PEM-14:W4RPT-1 APRS Digipeater
2018-05-18 02:51:00 W4RPT-1>APN391,qAR,WC4PEM-14:!2830.48NN08211.08W#PHG5436/ HERNANDO CO, FL
2018-05-18 02:51:00 W4SRT-B>APJI43,TCPIP*,qAC,W4SRT-GS:!2919.52ND08112.64W&RNG0035 440 Voice 442.325 +5.00 MHz
2018-05-18 02:51:00 W4SRT-B>APJI43,TCPIP*,qAC,W4SRT-GS:<IGATE,MSG_CNT=0,LOC_CNT=0
2018-05-18 02:51:03 WC4PEM-10>APMI06,WIDE2-2,qAR,WC4PEM-14:@180700z2752.80N/08148.94W_165/002g005t070r000p047P002h90b10150
2018-05-18 02:51:06 WC4PEM-10>APMI06,K4SIX-1,WIDE2*,qAR,WD4SEN-2:@180700z2752.80N/08148.94W_165/002g005t070r000p047P002h90b10150
2018-05-18 02:51:06 AB4JO>APO001,TCPIP*,qAC,AE5PL-JF:@180651z2600.42N/08012.07W/000/00073 de AB4JO via APRS Mobile
2018-05-18 02:51:06 KC8MLB-B>APDG02,TCPIP*,qAC,KC8MLB-BS:!2857.97ND08158.06W&RNG0001 440 Voice 445.31000MHz +0.0000MHz
2018-05-18 02:51:10 WB4MOZ-3>APBPQ1,K4PKT-3*,qAR,WC4PEM-14:=2639.94N/08013.86W_ BPQ32 Igate V BPQ32 - IGate, BBS, Winlink - Wellington, FL.
2018-05-18 02:51:11 W4LCO-1>APWW10,TCPIP*,qAC,T2MAZURY:<IGATE,MSG_CNT=1065,LOC_CNT=64,DIR_CNT=29,RF_CNT=72,DX=3*WC4PEM-14(113mi@4°)
2018-05-18 02:51:11 KJ4DXK-GD>APZESP,TCPIP*,qAC,T2USANW:!2833.20ND08115.64WzESP-13845636
2018-05-18 02:51:11 KM4VGW-R>APDG03,TCPIP*,qAC,T2SPAIN2:!2837.80ND08112.00W&/A=000000440 MMDVM Voice 440.62500MHz +5.0000MHz, KM4VGW_Pi-Star
2018-05-18 02:51:13 W4NAS>BEACON,qAR,N1SER-1:146.835*3036.30N/08149.55W Net We830pm EL-146835
2018-05-18 02:51:13 K4OKE-3>APNP50,qAR,WC4PEM-14:!2714.23NP08045.09W#PHG6530/ WIDEn-n Digi PBPG In Okeechobee
2018-05-18 02:51:13 KK4ASE-S>APDG01,TCPIP*,qAC,KK4ASE-GS:;KK4ASE B *180651z2802.37ND08156.99WaRNG0001 440 Voice 431.07500MHz +0.0000MHz
2018-05-18 02:51:15 KK9TT>R8PY9Q,WX4MLB-3*,WIDE2-1,qAR,KJ4ERJ-1:`lCml"!>/'"4+}|%P%j'f|!wFh!|3
2018-05-18 02:51:15 W4SRT-S>APJIO4,TCPIP*,qAC,W4SRT-GS:;W4SRT  B *091757z2919.52ND08112.64WaRNG0035 440 Voice 442.325 +5.00 MHz
2018-05-18 02:51:16 WA0NZI>APTW01,W4HEM-14,WIDE1*,WIDE2-1,qAR,NI4CE-10:_05180652c111s000g000t070r000p000P000h..b10139tU2k
2018-05-18 02:51:16 KC8MLB-S>APDG01,TCPIP*,qAC,KC8MLB-GS:;KC8MLB C *180650z2857.97ND08158.06WaRNG0001 2m Voice 145.31000MHz +0.0000MHz
2018-05-18 02:51:21 N4AN>APK102,WIDE1-1,WIDE2-1,qAO,KD4BBM-10:=2605.75N/08006.38W_068/008g   t076r000p000P   h81b10088KDvs
2018-05-18 02:51:24 AJ4AN>APRS,TCPIP*,qAC,SEVENTH:!2703.63N/08210.29W_128/000g000t070r000P000p074h95b10143.VWS-DavisVP2
2018-05-18 02:51:24 KK4ASE-B>APDG02,TCPIP*,qAC,KK4ASE-BS:!2802.37ND08156.99W&RNG0001 440 Voice 431.07500MHz +0.0000MHz
2018-05-18 02:51:24 KD4NFS-7>RV4P8P,WIDE2-2,qAR,W4LCO-1:`mP]l#.R/`"4#}on the road again..._ 
2018-05-18 02:51:24 AE4S>APU25N,TCPIP*,qAC,THIRD:=3028.52NI08416.49W&TLH I-Gate {UIV32}
2018-05-18 02:51:26 K3OCM-6>APN391,qAR,WC4PEM-14:;147.505FL*111111z2607.59N/08143.30WmT067 R20m 146.505rx E347598 KC1AR/R Naples, FL
2018-05-18 02:51:26 NI4CE-10>APMI06,TCPIP*,qAC,NINTH:@180651z2724.49N/08214.96W_180/000g002t068r000p030P030h00b10132U2k
2018-05-18 02:51:26 KJ4ERJ-AP>APWW10,TCPIP*,qAC,T2NALA:@065126h2759.80N/08039.54WEAPRSISCE/32 Application Monitor!w!!!
2018-05-18 02:51:26 KC8MLB-C>APDG02,TCPIP*,qAC,KC8MLB-CS:!2857.97ND08158.06W&RNG0001 2m Voice 145.31000MHz +0.0000MHz
2018-05-18 02:51:27 KJ4ERJ-E1>APZESP,TCPIP*,qAC,KJ4ERJ-5:T#983,0,173,294,289,266,11011100
2018-05-18 02:51:28 K4ABB-1>APSAAR,TCPIP*,qAC,T2SPAIN:>151727zBrand Meister TG # 31622
2018-05-18 02:51:31 KK4KYK-B>APJI43,TCPIP*,qAC,KK4KYK-GS:!2848.82ND08143.41W&RNG0015 440 Voice 443.025 +5.00 Mhz
2018-05-18 02:51:31 KK4KYK-B>APJI43,TCPIP*,qAC,KK4KYK-GS:<IGATE,MSG_CNT=0,LOC_CNT=0
2018-05-18 02:51:31 KJ4ERJ-15>APZTLE,TCPIP*,qAC,SEVENTH:;ISS      *065132h4944.92S\12034.39ESMsg4Pass }k1niNeaZqLz;s3N;)L"Z+e;iN{!wFM!
2018-05-18 02:51:31 KJ4SQP>APWW10,TCPIP*,qAC,T2GREECE:@180651z3012.55NI08415.53W&PHG7130 Wakulla I Gate
2018-05-18 02:51:31 KG4YZY-11>APU25N,WIDE2-2,qAR,KK4EQF-12:>081626z- aprsfl.net - West Pasco I-Gate
2018-05-18 02:51:35 N4TDX>APMI04,TCPIP*,qAC,WG3K-NJ:@180651z2837.86N/08049.44W#WX3in1Mini U=13.7V.
2018-05-18 02:51:36 N9JY-1>APNX2,WIDE2-1,qAR,WC4PEM-14:!2829.07N/08048.17W#PHG7190 Fill-in/IGate Port St John
2018-05-18 02:51:43 KJ4ERJ-E1>APZESP,TCPIP*,qAC,KJ4ERJ-5:T#984,0,169,292,291,268,11011100
2018-05-18 02:51:44 N8DA-R>APDG03,TCPIP*,qAC,T2TEXAS:!2832.40ND08216.20W&/A=0000002m MMDVM Voice 147.48000MHz +0.0000MHz, N8DA_Pi-Star
2018-05-18 02:51:45 N3HOE-7>R8PY1S,WX4MLB-3,WIDE2*,qAR,WC4PEM-14:`lBil!/[/`"4+}_$
2018-05-18 02:51:46 KK4KYK-S>APJIO4,TCPIP*,qAC,KK4KYK-GS:;KK4KYK B *170125z2848.82ND08143.41WaRNG0015 440 Voice 443.025 +5.00 Mhz
2018-05-18 02:51:48 KJ4ERJ-S1>APZESP,TCPIP*,qAC,T2VAN:T#926,336,133,346,0,0,10010000
2018-05-18 02:51:50 N4WEB>APTW01,WIDE1-1,qAR,WC4PEM-14:_05180155c359s000g000t069r000p160P000h88b10145tU2k
2018-05-18 02:51:52 KJ4ERJ-LS>APZLUA,TCPIP*,qAC,KJ4ERJ-5:T#170,106,221,183,60,54,00000000
2018-05-18 02:51:53 KK4ONE-1>APOT30,WIDE1-1,WIDE2-2,qAR,WC4PEM-14:!2827.17N/08233.15W#Spring Hill
2018-05-18 02:51:56 K4ABB-1>APSAAR,TCPIP*,qAC,T2SPAIN:<IGATE,MSG_CNT=11,LOC_CNT=24
2018-05-18 02:51:56 KD4NFS-S>APDG01,TCPIP*,qAC,KD4NFS-GS:;KD4NFS C *180651z2640.81ND08152.65WaRNG0000 2m Voice 146.55000MHz +0.0000MHz
2018-05-18 02:51:57 W4NWD-3>RW4Q1W,WIDE1-1,WIDE2-1,qAR,W4KPR:`n2@l >/'"4P}!w$0!|3
2018-05-18 02:51:57 KK4ONE-1>APOT30,WC4PEM-14,WIDE1,K4SIX-1,WIDE2*,qAR,WD4SEN-2:!2827.17N/08233.15W#Spring Hillã
2018-05-18 02:51:58 K4EOC>APRS,WIDE,qAR,WC4PEM-14:!2819.66N/08044.25Wo
2018-05-18 02:52:01 NI4CE-10>APMI06,TCPIP*,qAC,NINTH:{{I180652zU=14.0V,T=26.0C
2018-05-18 02:52:03 WB4MOZ-3>APBPQ1,K4PKT-3*,qAR,WC4PEM-14:@180251z2639.94N/08013.86W_099/002g010t074r000p000P000h94b10146/fWDWB4MOZ-3 (145.03) - BBS, Chat, Node, PBC Chat, Winlink (wb4moz-10)
2018-05-18 02:52:04 N4DJJ-2>APWW10,TCPIP*,qAC,T2STRAS:@065207h2615.16NI08132.87W#PHG7180 n4djjradio@gmail.com
2018-05-18 02:52:05 WA4GDN-1>R8QW9V,KK4ONE-1,WIDE1,WC4PEM-9,WIDE2*,qAR,WC4PEM-14:`nFl!H>/`"3{}146.670MHz T146 -060 CLUB STATION IN PORT RICHEY FLORIDA_%
2018-05-18 02:52:06 KD4NFS-C>APDG02,TCPIP*,qAC,KD4NFS-CS:!2640.81ND08152.65W&RNG0000 2m Voice 146.55000MHz +0.0000MHz
2018-05-18 02:52:07 KJ4ERJ-E2>APZESP,TCPIP*,qAC,KJ4ERJ-5:T#290,341,163,263,288,254,11011100
2018-05-18 02:52:08 AB4JO>APO001,TCPIP*,qAC,AE5PL-JF:@180652z2600.42N/08012.07W/000/00073 de AB4JO via APRS Mobile
2018-05-18 02:52:15 KF4LQQ>APRS,NI4CE-10,WIDE2-1,qAR,N4SER:$ULTW0000000002B5000B2780FFF98F1B0001----008A00C300000000
2018-05-18 02:52:16 KQ4KX>APWW10,TCPIP*,qAC,FOURTH:/180652z2803.50N/08146.10W_186/001g005t070r000P000h85b10142wVL1252
2018-05-18 02:52:17 KJ4ERJ-AL>APWW10,TCPIP*,qAC,SEVENTH:;NULL-IS  *111111z0000.01SI00000.01W;http://www.nullisland.com/ }k0!NNQNQKNKNN{!W00!
2018-05-18 02:52:20 K4ABB-1>APSAAR,TCPIP*,qAC,T2SPAIN:=2602.91N/08010.69WoEOC FIRE STATION74 -147.030 {UIV32}
2018-05-18 02:52:23 KJ4TJD-B>APJI43,TCPIP*,qAC,KJ4TJD-GS:!2849.79ND08146.28W&RNG0017 440 Voice 444.500 +5.00 Mhz
2018-05-18 02:52:23 KJ4TJD-B>APJI43,TCPIP*,qAC,KJ4TJD-GS:<IGATE,MSG_CNT=0,LOC_CNT=0
2018-05-18 02:52:24 AE4S>APU25N,TCPIP*,qAC,THIRD:=3028.52NI08416.49W&TLH I-Gate {UIV32}
2018-05-18 02:52:24 K3OCM-6>APN391,qAR,NI4CE-10:;443.900FL*111111z2607.59N/08143.30WmT067 R20m E347598   KC1AR/R Naples, FL
2018-05-18 02:52:26 K4PKT-3>APNP50,WIDE2-2,qAR,WC4PEM-14:!2648.72NP08012.82W#PHG6530/ WIDEn-n Digi On The Web @ pbpg.org
2018-05-18 02:52:34 K4PKT-2>BEACON,qAR,NI4CE-10:: WIDEn-n Digi PBPG In Palm City
2018-05-18 02:52:35 W4HEM-14>APN391,WIDE2-2,qAR,NI4CE-10:$ULTW005A004C02C6CF3E279FFFF68782000103D2008900CD00000025
2018-05-18 02:52:36 K4CIO-1>APUN10,TCPIP*,qAC,T2IRELAND:;IRLP-4005*180652z2440.08NC08123.23WW306/000/A=000005444.775MHz+ PL94.8: Linked 9100 REF
2018-05-18 02:52:36 N4ANW-S>APDG01,TCPIP*,qAC,N4ANW-GS:;N4ANW  B *180652z2842.54ND08131.31WaRNG0001 440 Voice 433.45000MHz +0.0000MHz
2018-05-18 02:52:38 KJ4TJD-S>APJIO4,TCPIP*,qAC,KJ4TJD-GS:;KJ4TJD B *150001z2849.79ND08146.28WaRNG0017 440 Voice 444.500 +5.00 Mhz
2018-05-18 02:52:38 KJ4ERJ-E3>APZESP,TCPIP*,qAC,KJ4ERJ-5:T#447,337,156,251,261,0,11111110
2018-05-18 02:53:06 W4NAS>APN390,qAR,W1KFR-10:!3036.30N/08149.55W#PHG7520 Nassau County Digipeater
2018-05-18 02:53:07 K4VRB-S>APDG01,TCPIP*,qAC,K4VRB-GS:;K4VRB  B *180653z2740.05ND08021.59WaRNG0001 440 Voice 447.50000MHz +0.0000MHz
2018-05-18 02:53:22 KG4YZY-11>APU25N,WIDE2-2,qAR,WC4PEM-14:=2816.98N/08242.70WIWest Pasco I-Gate 200ft AGL aprsfl.net
2018-05-18 02:53:24 W8UFO-S>APDG01,TCPIP*,qAC,W8UFO-GS:;W8UFO  B *180653z2753.35ND08218.77WaRNG0001 440 Voice 440.97500MHz +0.0000MHz
2018-05-18 02:53:24 AE4S>APU25N,TCPIP*,qAC,THIRD:=3028.52NI08416.49W&TLH I-Gate {UIV32}
2018-05-18 02:53:24 K3OCM-6>APN391,qAR,W4LCO-1:;EL-47325 *111111z2614.31NE08148.80W0146.670-  T136 R15m Naples
2018-05-18 02:53:25 KB1ATL>APRS,TCPIP*,qAC,FOURTH:@180653z2811.67N/08222.00W_142/000g...t070r...p...P000h97b10122.DsVP
